102.02.06 20:37 B c:\My Documents\My Webs\nwcr\wicklow\bridge.jpg --> homepages.demon.co.uk /vol2/demon.co.uk/b/e/a/bearnet/nwcr/wicklow bridge.jpg
102.02.06 20:37 B c:\My Documents\My Webs\nwcr\wicklow\clonegal.jpg --> homepages.demon.co.uk /vol2/demon.co.uk/b/e/a/bearnet/nwcr/wicklow clonegal.jpg
102.02.06 20:38 B c:\My Documents\My Webs\nwcr\wicklow\Dublin Mtns.jpg --> homepages.demon.co.uk /vol2/demon.co.uk/b/e/a/bearnet/nwcr/wicklow Dublin Mtns.jpg
102.02.06 20:38 B c:\My Documents\My Webs\nwcr\wicklow\Dying Cow.jpg --> homepages.demon.co.uk /vol2/demon.co.uk/b/e/a/bearnet/nwcr/wicklow Dying Cow.jpg
102.02.06 20:38 B c:\My Documents\My Webs\nwcr\wicklow\Glendalough Sign.jpg --> homepages.demon.co.uk /vol2/demon.co.uk/b/e/a/bearnet/nwcr/wicklow Glendalough Sign.jpg
102.02.06 20:38 B c:\My Documents\My Webs\nwcr\wicklow\Glendalough.jpg --> homepages.demon.co.uk /vol2/demon.co.uk/b/e/a/bearnet/nwcr/wicklow Glendalough.jpg
102.02.06 20:38 B c:\My Documents\My Webs\nwcr\wicklow\JB Malone.jpg --> homepages.demon.co.uk /vol2/demon.co.uk/b/e/a/bearnet/nwcr/wicklow JB Malone.jpg
102.02.06 20:38 B c:\My Documents\My Webs\nwcr\wicklow\Lough Tay.jpg --> homepages.demon.co.uk /vol2/demon.co.uk/b/e/a/bearnet/nwcr/wicklow Lough Tay.jpg
102.02.06 20:38 B c:\My Documents\My Webs\nwcr\wicklow\Wicklow Way Sign.jpg --> homepages.demon.co.uk /vol2/demon.co.uk/b/e/a/bearnet/nwcr/wicklow Wicklow Way Sign.jpg
102.11.16 21:26 B c:\My Documents\My Webs\nwcr\wicklow\bridge.jpg --> homepages.demon.co.uk /vol2/demon.co.uk/b/e/a/bearnet/nwcr/wicklow bridge.jpg
102.11.16 21:26 B c:\My Documents\My Webs\nwcr\wicklow\clonegal.jpg --> homepages.demon.co.uk /vol2/demon.co.uk/b/e/a/bearnet/nwcr/wicklow clonegal.jpg
102.11.16 21:26 B c:\My Documents\My Webs\nwcr\wicklow\Dublin Mtns.jpg --> homepages.demon.co.uk /vol2/demon.co.uk/b/e/a/bearnet/nwcr/wicklow Dublin Mtns.jpg
102.11.16 21:26 B c:\My Documents\My Webs\nwcr\wicklow\Dying Cow.jpg --> homepages.demon.co.uk /vol2/demon.co.uk/b/e/a/bearnet/nwcr/wicklow Dying Cow.jpg
102.11.16 21:26 B c:\My Documents\My Webs\nwcr\wicklow\Glendalough Sign.jpg --> homepages.demon.co.uk /vol2/demon.co.uk/b/e/a/bearnet/nwcr/wicklow Glendalough Sign.jpg
102.11.16 21:26 B c:\My Documents\My Webs\nwcr\wicklow\Glendalough.jpg --> homepages.demon.co.uk /vol2/demon.co.uk/b/e/a/bearnet/nwcr/wicklow Glendalough.jpg
102.11.16 21:27 B c:\My Documents\My Webs\nwcr\wicklow\JB Malone.jpg --> homepages.demon.co.uk /vol2/demon.co.uk/b/e/a/bearnet/nwcr/wicklow JB Malone.jpg
102.11.16 21:27 B c:\My Documents\My Webs\nwcr\wicklow\Lough Tay.jpg --> homepages.demon.co.uk /vol2/demon.co.uk/b/e/a/bearnet/nwcr/wicklow Lough Tay.jpg
102.11.16 21:27 B c:\My Documents\My Webs\nwcr\wicklow\Wicklow Way Sign.jpg --> homepages.demon.co.uk /vol2/demon.co.uk/b/e/a/bearnet/nwcr/wicklow Wicklow Way Sign.jpg
102.11.16 21:27 B c:\My Documents\My Webs\nwcr\wicklow\WS_FTP.LOG --> homepages.demon.co.uk /vol2/demon.co.uk/b/e/a/bearnet/nwcr/wicklow WS_FTP.LOG
103.10.12 19:49 B c:\My Documents\My Webs\nwcr\wicklow\bridge.jpg --> homepages.demon.co.uk /vol2/demon.co.uk/b/e/a/bearnet/nwcr/wicklow bridge.jpg
103.10.12 19:49 B c:\My Documents\My Webs\nwcr\wicklow\clonegal.jpg --> homepages.demon.co.uk /vol2/demon.co.uk/b/e/a/bearnet/nwcr/wicklow clonegal.jpg
103.10.12 19:49 B c:\My Documents\My Webs\nwcr\wicklow\Dublin Mtns.jpg --> homepages.demon.co.uk /vol2/demon.co.uk/b/e/a/bearnet/nwcr/wicklow Dublin Mtns.jpg
103.10.12 19:49 B c:\My Documents\My Webs\nwcr\wicklow\Dying Cow.jpg --> homepages.demon.co.uk /vol2/demon.co.uk/b/e/a/bearnet/nwcr/wicklow Dying Cow.jpg
103.10.12 19:49 B c:\My Documents\My Webs\nwcr\wicklow\Glendalough Sign.jpg --> homepages.demon.co.uk /vol2/demon.co.uk/b/e/a/bearnet/nwcr/wicklow Glendalough Sign.jpg
103.10.12 19:49 B c:\My Documents\My Webs\nwcr\wicklow\Glendalough.jpg --> homepages.demon.co.uk /vol2/demon.co.uk/b/e/a/bearnet/nwcr/wicklow Glendalough.jpg
103.10.12 19:49 B c:\My Documents\My Webs\nwcr\wicklow\JB Malone.jpg --> homepages.demon.co.uk /vol2/demon.co.uk/b/e/a/bearnet/nwcr/wicklow JB Malone.jpg
103.10.12 19:49 B c:\My Documents\My Webs\nwcr\wicklow\Lough Tay.jpg --> homepages.demon.co.uk /vol2/demon.co.uk/b/e/a/bearnet/nwcr/wicklow Lough Tay.jpg
103.10.12 19:49 B c:\My Documents\My Webs\nwcr\wicklow\Wicklow Way Sign.jpg --> homepages.demon.co.uk /vol2/demon.co.uk/b/e/a/bearnet/nwcr/wicklow Wicklow Way Sign.jpg
103.10.12 19:49 B c:\My Documents\My Webs\nwcr\wicklow\WS_FTP.LOG --> homepages.demon.co.uk /vol2/demon.co.uk/b/e/a/bearnet/nwcr/wicklow WS_FTP.LOG
104.06.15 22:42 B c:\My Documents\My Webs\nwcr\wicklow\bridge.jpg --> homepages.demon.co.uk /vol2/demon.co.uk/b/e/a/bearnet/nwcr/wicklow bridge.jpg
104.06.15 22:42 B c:\My Documents\My Webs\nwcr\wicklow\clonegal.jpg --> homepages.demon.co.uk /vol2/demon.co.uk/b/e/a/bearnet/nwcr/wicklow clonegal.jpg
104.06.15 22:42 B c:\My Documents\My Webs\nwcr\wicklow\Dublin Mtns.jpg --> homepages.demon.co.uk /vol2/demon.co.uk/b/e/a/bearnet/nwcr/wicklow Dublin Mtns.jpg
104.06.15 22:42 B c:\My Documents\My Webs\nwcr\wicklow\Dying Cow.jpg --> homepages.demon.co.uk /vol2/demon.co.uk/b/e/a/bearnet/nwcr/wicklow Dying Cow.jpg
104.06.15 22:42 B c:\My Documents\My Webs\nwcr\wicklow\Glendalough Sign.jpg --> homepages.demon.co.uk /vol2/demon.co.uk/b/e/a/bearnet/nwcr/wicklow Glendalough Sign.jpg
104.06.15 22:42 B c:\My Documents\My Webs\nwcr\wicklow\Glendalough.jpg --> homepages.demon.co.uk /vol2/demon.co.uk/b/e/a/bearnet/nwcr/wicklow Glendalough.jpg
104.06.15 22:42 B c:\My Documents\My Webs\nwcr\wicklow\JB Malone.jpg --> homepages.demon.co.uk /vol2/demon.co.uk/b/e/a/bearnet/nwcr/wicklow JB Malone.jpg
104.06.15 22:42 B c:\My Documents\My Webs\nwcr\wicklow\Lough Tay.jpg --> homepages.demon.co.uk /vol2/demon.co.uk/b/e/a/bearnet/nwcr/wicklow Lough Tay.jpg
104.06.15 22:42 B c:\My Documents\My Webs\nwcr\wicklow\Wicklow Way Sign.jpg --> homepages.demon.co.uk /vol2/demon.co.uk/b/e/a/bearnet/nwcr/wicklow Wicklow Way Sign.jpg
104.06.15 22:42 B c:\My Documents\My Webs\nwcr\wicklow\WS_FTP.LOG --> homepages.demon.co.uk /vol2/demon.co.uk/b/e/a/bearnet/nwcr/wicklow WS_FTP.LOG
