102.11.16 21:25 B c:\My Documents\My Webs\nwcr\whw2002\Ba Bridge.jpg --> homepages.demon.co.uk /vol2/demon.co.uk/b/e/a/bearnet/nwcr/whw2002 Ba Bridge.jpg
102.11.16 21:25 B c:\My Documents\My Webs\nwcr\whw2002\bear.jpg --> homepages.demon.co.uk /vol2/demon.co.uk/b/e/a/bearnet/nwcr/whw2002 bear.jpg
102.11.16 21:25 B c:\My Documents\My Webs\nwcr\whw2002\invervey.jpg --> homepages.demon.co.uk /vol2/demon.co.uk/b/e/a/bearnet/nwcr/whw2002 invervey.jpg
102.11.16 21:25 B c:\My Documents\My Webs\nwcr\whw2002\lunch break.jpg --> homepages.demon.co.uk /vol2/demon.co.uk/b/e/a/bearnet/nwcr/whw2002 lunch break.jpg
102.11.16 21:25 B c:\My Documents\My Webs\nwcr\whw2002\pete & nigel.jpg --> homepages.demon.co.uk /vol2/demon.co.uk/b/e/a/bearnet/nwcr/whw2002 pete & nigel.jpg
102.11.16 21:25 B c:\My Documents\My Webs\nwcr\whw2002\start.jpg --> homepages.demon.co.uk /vol2/demon.co.uk/b/e/a/bearnet/nwcr/whw2002 start.jpg
102.11.16 21:25 B c:\My Documents\My Webs\nwcr\whw2002\wet group.jpg --> homepages.demon.co.uk /vol2/demon.co.uk/b/e/a/bearnet/nwcr/whw2002 wet group.jpg
102.11.16 21:26 B c:\My Documents\My Webs\nwcr\whw2002\winnock.jpg --> homepages.demon.co.uk /vol2/demon.co.uk/b/e/a/bearnet/nwcr/whw2002 winnock.jpg
103.10.12 19:49 B c:\My Documents\My Webs\nwcr\whw2002\Ba Bridge.jpg --> homepages.demon.co.uk /vol2/demon.co.uk/b/e/a/bearnet/nwcr/whw2002 Ba Bridge.jpg
103.10.12 19:49 B c:\My Documents\My Webs\nwcr\whw2002\bear.jpg --> homepages.demon.co.uk /vol2/demon.co.uk/b/e/a/bearnet/nwcr/whw2002 bear.jpg
103.10.12 19:49 B c:\My Documents\My Webs\nwcr\whw2002\invervey.jpg --> homepages.demon.co.uk /vol2/demon.co.uk/b/e/a/bearnet/nwcr/whw2002 invervey.jpg
103.10.12 19:49 B c:\My Documents\My Webs\nwcr\whw2002\lunch break.jpg --> homepages.demon.co.uk /vol2/demon.co.uk/b/e/a/bearnet/nwcr/whw2002 lunch break.jpg
103.10.12 19:49 B c:\My Documents\My Webs\nwcr\whw2002\pete & nigel.jpg --> homepages.demon.co.uk /vol2/demon.co.uk/b/e/a/bearnet/nwcr/whw2002 pete & nigel.jpg
103.10.12 19:49 B c:\My Documents\My Webs\nwcr\whw2002\start.jpg --> homepages.demon.co.uk /vol2/demon.co.uk/b/e/a/bearnet/nwcr/whw2002 start.jpg
103.10.12 19:49 B c:\My Documents\My Webs\nwcr\whw2002\wet group.jpg --> homepages.demon.co.uk /vol2/demon.co.uk/b/e/a/bearnet/nwcr/whw2002 wet group.jpg
103.10.12 19:49 B c:\My Documents\My Webs\nwcr\whw2002\winnock.jpg --> homepages.demon.co.uk /vol2/demon.co.uk/b/e/a/bearnet/nwcr/whw2002 winnock.jpg
103.10.12 19:49 B c:\My Documents\My Webs\nwcr\whw2002\WS_FTP.LOG --> homepages.demon.co.uk /vol2/demon.co.uk/b/e/a/bearnet/nwcr/whw2002 WS_FTP.LOG
104.06.15 22:42 B c:\My Documents\My Webs\nwcr\whw2002\Ba Bridge.jpg --> homepages.demon.co.uk /vol2/demon.co.uk/b/e/a/bearnet/nwcr/whw2002 Ba Bridge.jpg
104.06.15 22:42 B c:\My Documents\My Webs\nwcr\whw2002\bear.jpg --> homepages.demon.co.uk /vol2/demon.co.uk/b/e/a/bearnet/nwcr/whw2002 bear.jpg
104.06.15 22:42 B c:\My Documents\My Webs\nwcr\whw2002\invervey.jpg --> homepages.demon.co.uk /vol2/demon.co.uk/b/e/a/bearnet/nwcr/whw2002 invervey.jpg
104.06.15 22:42 B c:\My Documents\My Webs\nwcr\whw2002\lunch break.jpg --> homepages.demon.co.uk /vol2/demon.co.uk/b/e/a/bearnet/nwcr/whw2002 lunch break.jpg
104.06.15 22:42 B c:\My Documents\My Webs\nwcr\whw2002\pete & nigel.jpg --> homepages.demon.co.uk /vol2/demon.co.uk/b/e/a/bearnet/nwcr/whw2002 pete & nigel.jpg
104.06.15 22:42 B c:\My Documents\My Webs\nwcr\whw2002\start.jpg --> homepages.demon.co.uk /vol2/demon.co.uk/b/e/a/bearnet/nwcr/whw2002 start.jpg
104.06.15 22:42 B c:\My Documents\My Webs\nwcr\whw2002\wet group.jpg --> homepages.demon.co.uk /vol2/demon.co.uk/b/e/a/bearnet/nwcr/whw2002 wet group.jpg
104.06.15 22:42 B c:\My Documents\My Webs\nwcr\whw2002\winnock.jpg --> homepages.demon.co.uk /vol2/demon.co.uk/b/e/a/bearnet/nwcr/whw2002 winnock.jpg
104.06.15 22:42 B c:\My Documents\My Webs\nwcr\whw2002\WS_FTP.LOG --> homepages.demon.co.uk /vol2/demon.co.uk/b/e/a/bearnet/nwcr/whw2002 WS_FTP.LOG
