100.06.19 23:06 B c:\My Documents\My Webs\nwcr\shpshead\bridge1.jpg --> homepages.demon.co.uk /u/demon.co.uk/b/e/a/bearnet/nwcr/shpshead bridge1.jpg
100.06.19 23:06 B c:\My Documents\My Webs\nwcr\shpshead\bridge2.jpg --> homepages.demon.co.uk /u/demon.co.uk/b/e/a/bearnet/nwcr/shpshead bridge2.jpg
100.06.19 23:06 B c:\My Documents\My Webs\nwcr\shpshead\daves&me.jpg --> homepages.demon.co.uk /u/demon.co.uk/b/e/a/bearnet/nwcr/shpshead daves&me.jpg
100.06.19 23:06 B c:\My Documents\My Webs\nwcr\shpshead\day4rest.jpg --> homepages.demon.co.uk /u/demon.co.uk/b/e/a/bearnet/nwcr/shpshead day4rest.jpg
100.06.19 23:06 B c:\My Documents\My Webs\nwcr\shpshead\durrus2.jpg --> homepages.demon.co.uk /u/demon.co.uk/b/e/a/bearnet/nwcr/shpshead durrus2.jpg
100.06.19 23:06 B c:\My Documents\My Webs\nwcr\shpshead\finish.jpg --> homepages.demon.co.uk /u/demon.co.uk/b/e/a/bearnet/nwcr/shpshead finish.jpg
100.06.19 23:07 B c:\My Documents\My Webs\nwcr\shpshead\finnseat.jpg --> homepages.demon.co.uk /u/demon.co.uk/b/e/a/bearnet/nwcr/shpshead finnseat.jpg
100.06.19 23:07 B c:\My Documents\My Webs\nwcr\shpshead\grpday2.jpg --> homepages.demon.co.uk /u/demon.co.uk/b/e/a/bearnet/nwcr/shpshead grpday2.jpg
100.06.19 23:07 B c:\My Documents\My Webs\nwcr\shpshead\ivos.jpg --> homepages.demon.co.uk /u/demon.co.uk/b/e/a/bearnet/nwcr/shpshead ivos.jpg
100.06.19 23:07 B c:\My Documents\My Webs\nwcr\shpshead\lthouse.jpg --> homepages.demon.co.uk /u/demon.co.uk/b/e/a/bearnet/nwcr/shpshead lthouse.jpg
100.06.19 23:07 B c:\My Documents\My Webs\nwcr\shpshead\redldr.jpg --> homepages.demon.co.uk /u/demon.co.uk/b/e/a/bearnet/nwcr/shpshead redldr.jpg
100.06.19 23:07 B c:\My Documents\My Webs\nwcr\shpshead\shpshead.gif --> homepages.demon.co.uk /u/demon.co.uk/b/e/a/bearnet/nwcr/shpshead shpshead.gif
100.06.19 23:07 B c:\My Documents\My Webs\nwcr\shpshead\start2.jpg --> homepages.demon.co.uk /u/demon.co.uk/b/e/a/bearnet/nwcr/shpshead start2.jpg
100.06.19 23:07 B c:\My Documents\My Webs\nwcr\shpshead\westcork.gif --> homepages.demon.co.uk /u/demon.co.uk/b/e/a/bearnet/nwcr/shpshead westcork.gif
102.11.16 21:21 B c:\My Documents\My Webs\nwcr\shpshead\bridge1.jpg --> homepages.demon.co.uk /vol2/demon.co.uk/b/e/a/bearnet/nwcr/shpshead bridge1.jpg
102.11.16 21:21 B c:\My Documents\My Webs\nwcr\shpshead\bridge2.jpg --> homepages.demon.co.uk /vol2/demon.co.uk/b/e/a/bearnet/nwcr/shpshead bridge2.jpg
102.11.16 21:21 B c:\My Documents\My Webs\nwcr\shpshead\daves&me.jpg --> homepages.demon.co.uk /vol2/demon.co.uk/b/e/a/bearnet/nwcr/shpshead daves&me.jpg
102.11.16 21:22 B c:\My Documents\My Webs\nwcr\shpshead\day4rest.jpg --> homepages.demon.co.uk /vol2/demon.co.uk/b/e/a/bearnet/nwcr/shpshead day4rest.jpg
102.11.16 21:22 B c:\My Documents\My Webs\nwcr\shpshead\durrus2.jpg --> homepages.demon.co.uk /vol2/demon.co.uk/b/e/a/bearnet/nwcr/shpshead durrus2.jpg
102.11.16 21:22 B c:\My Documents\My Webs\nwcr\shpshead\finish.jpg --> homepages.demon.co.uk /vol2/demon.co.uk/b/e/a/bearnet/nwcr/shpshead finish.jpg
102.11.16 21:22 B c:\My Documents\My Webs\nwcr\shpshead\finnseat.jpg --> homepages.demon.co.uk /vol2/demon.co.uk/b/e/a/bearnet/nwcr/shpshead finnseat.jpg
102.11.16 21:22 B c:\My Documents\My Webs\nwcr\shpshead\grpday2.jpg --> homepages.demon.co.uk /vol2/demon.co.uk/b/e/a/bearnet/nwcr/shpshead grpday2.jpg
102.11.16 21:22 B c:\My Documents\My Webs\nwcr\shpshead\ivos.jpg --> homepages.demon.co.uk /vol2/demon.co.uk/b/e/a/bearnet/nwcr/shpshead ivos.jpg
102.11.16 21:22 B c:\My Documents\My Webs\nwcr\shpshead\lthouse.jpg --> homepages.demon.co.uk /vol2/demon.co.uk/b/e/a/bearnet/nwcr/shpshead lthouse.jpg
102.11.16 21:22 B c:\My Documents\My Webs\nwcr\shpshead\redldr.jpg --> homepages.demon.co.uk /vol2/demon.co.uk/b/e/a/bearnet/nwcr/shpshead redldr.jpg
102.11.16 21:22 B c:\My Documents\My Webs\nwcr\shpshead\shpshead.gif --> homepages.demon.co.uk /vol2/demon.co.uk/b/e/a/bearnet/nwcr/shpshead shpshead.gif
102.11.16 21:22 B c:\My Documents\My Webs\nwcr\shpshead\start2.jpg --> homepages.demon.co.uk /vol2/demon.co.uk/b/e/a/bearnet/nwcr/shpshead start2.jpg
102.11.16 21:23 B c:\My Documents\My Webs\nwcr\shpshead\westcork.gif --> homepages.demon.co.uk /vol2/demon.co.uk/b/e/a/bearnet/nwcr/shpshead westcork.gif
102.11.16 21:23 B c:\My Documents\My Webs\nwcr\shpshead\WS_FTP.LOG --> homepages.demon.co.uk /vol2/demon.co.uk/b/e/a/bearnet/nwcr/shpshead WS_FTP.LOG
103.10.12 19:49 B c:\My Documents\My Webs\nwcr\shpshead\bridge1.jpg --> homepages.demon.co.uk /vol2/demon.co.uk/b/e/a/bearnet/nwcr/shpshead bridge1.jpg
103.10.12 19:49 B c:\My Documents\My Webs\nwcr\shpshead\bridge2.jpg --> homepages.demon.co.uk /vol2/demon.co.uk/b/e/a/bearnet/nwcr/shpshead bridge2.jpg
103.10.12 19:49 B c:\My Documents\My Webs\nwcr\shpshead\daves&me.jpg --> homepages.demon.co.uk /vol2/demon.co.uk/b/e/a/bearnet/nwcr/shpshead daves&me.jpg
103.10.12 19:49 B c:\My Documents\My Webs\nwcr\shpshead\day4rest.jpg --> homepages.demon.co.uk /vol2/demon.co.uk/b/e/a/bearnet/nwcr/shpshead day4rest.jpg
103.10.12 19:49 B c:\My Documents\My Webs\nwcr\shpshead\durrus2.jpg --> homepages.demon.co.uk /vol2/demon.co.uk/b/e/a/bearnet/nwcr/shpshead durrus2.jpg
103.10.12 19:49 B c:\My Documents\My Webs\nwcr\shpshead\finish.jpg --> homepages.demon.co.uk /vol2/demon.co.uk/b/e/a/bearnet/nwcr/shpshead finish.jpg
103.10.12 19:49 B c:\My Documents\My Webs\nwcr\shpshead\finnseat.jpg --> homepages.demon.co.uk /vol2/demon.co.uk/b/e/a/bearnet/nwcr/shpshead finnseat.jpg
103.10.12 19:49 B c:\My Documents\My Webs\nwcr\shpshead\grpday2.jpg --> homepages.demon.co.uk /vol2/demon.co.uk/b/e/a/bearnet/nwcr/shpshead grpday2.jpg
103.10.12 19:49 B c:\My Documents\My Webs\nwcr\shpshead\ivos.jpg --> homepages.demon.co.uk /vol2/demon.co.uk/b/e/a/bearnet/nwcr/shpshead ivos.jpg
103.10.12 19:49 B c:\My Documents\My Webs\nwcr\shpshead\lthouse.jpg --> homepages.demon.co.uk /vol2/demon.co.uk/b/e/a/bearnet/nwcr/shpshead lthouse.jpg
103.10.12 19:49 B c:\My Documents\My Webs\nwcr\shpshead\redldr.jpg --> homepages.demon.co.uk /vol2/demon.co.uk/b/e/a/bearnet/nwcr/shpshead redldr.jpg
103.10.12 19:49 B c:\My Documents\My Webs\nwcr\shpshead\shpshead.gif --> homepages.demon.co.uk /vol2/demon.co.uk/b/e/a/bearnet/nwcr/shpshead shpshead.gif
103.10.12 19:49 B c:\My Documents\My Webs\nwcr\shpshead\start2.jpg --> homepages.demon.co.uk /vol2/demon.co.uk/b/e/a/bearnet/nwcr/shpshead start2.jpg
103.10.12 19:49 B c:\My Documents\My Webs\nwcr\shpshead\westcork.gif --> homepages.demon.co.uk /vol2/demon.co.uk/b/e/a/bearnet/nwcr/shpshead westcork.gif
103.10.12 19:49 B c:\My Documents\My Webs\nwcr\shpshead\WS_FTP.LOG --> homepages.demon.co.uk /vol2/demon.co.uk/b/e/a/bearnet/nwcr/shpshead WS_FTP.LOG
104.06.15 22:41 B c:\My Documents\My Webs\nwcr\shpshead\bridge1.jpg --> homepages.demon.co.uk /vol2/demon.co.uk/b/e/a/bearnet/nwcr/shpshead bridge1.jpg
104.06.15 22:41 B c:\My Documents\My Webs\nwcr\shpshead\bridge2.jpg --> homepages.demon.co.uk /vol2/demon.co.uk/b/e/a/bearnet/nwcr/shpshead bridge2.jpg
104.06.15 22:41 B c:\My Documents\My Webs\nwcr\shpshead\daves&me.jpg --> homepages.demon.co.uk /vol2/demon.co.uk/b/e/a/bearnet/nwcr/shpshead daves&me.jpg
104.06.15 22:41 B c:\My Documents\My Webs\nwcr\shpshead\day4rest.jpg --> homepages.demon.co.uk /vol2/demon.co.uk/b/e/a/bearnet/nwcr/shpshead day4rest.jpg
104.06.15 22:41 B c:\My Documents\My Webs\nwcr\shpshead\durrus2.jpg --> homepages.demon.co.uk /vol2/demon.co.uk/b/e/a/bearnet/nwcr/shpshead durrus2.jpg
104.06.15 22:42 B c:\My Documents\My Webs\nwcr\shpshead\finish.jpg --> homepages.demon.co.uk /vol2/demon.co.uk/b/e/a/bearnet/nwcr/shpshead finish.jpg
104.06.15 22:42 B c:\My Documents\My Webs\nwcr\shpshead\finnseat.jpg --> homepages.demon.co.uk /vol2/demon.co.uk/b/e/a/bearnet/nwcr/shpshead finnseat.jpg
104.06.15 22:42 B c:\My Documents\My Webs\nwcr\shpshead\grpday2.jpg --> homepages.demon.co.uk /vol2/demon.co.uk/b/e/a/bearnet/nwcr/shpshead grpday2.jpg
104.06.15 22:42 B c:\My Documents\My Webs\nwcr\shpshead\ivos.jpg --> homepages.demon.co.uk /vol2/demon.co.uk/b/e/a/bearnet/nwcr/shpshead ivos.jpg
104.06.15 22:42 B c:\My Documents\My Webs\nwcr\shpshead\lthouse.jpg --> homepages.demon.co.uk /vol2/demon.co.uk/b/e/a/bearnet/nwcr/shpshead lthouse.jpg
104.06.15 22:42 B c:\My Documents\My Webs\nwcr\shpshead\redldr.jpg --> homepages.demon.co.uk /vol2/demon.co.uk/b/e/a/bearnet/nwcr/shpshead redldr.jpg
104.06.15 22:42 B c:\My Documents\My Webs\nwcr\shpshead\shpshead.gif --> homepages.demon.co.uk /vol2/demon.co.uk/b/e/a/bearnet/nwcr/shpshead shpshead.gif
104.06.15 22:42 B c:\My Documents\My Webs\nwcr\shpshead\start2.jpg --> homepages.demon.co.uk /vol2/demon.co.uk/b/e/a/bearnet/nwcr/shpshead start2.jpg
104.06.15 22:42 B c:\My Documents\My Webs\nwcr\shpshead\westcork.gif --> homepages.demon.co.uk /vol2/demon.co.uk/b/e/a/bearnet/nwcr/shpshead westcork.gif
104.06.15 22:42 B c:\My Documents\My Webs\nwcr\shpshead\WS_FTP.LOG --> homepages.demon.co.uk /vol2/demon.co.uk/b/e/a/bearnet/nwcr/shpshead WS_FTP.LOG
