vti_encoding:SR|utf8-nl
100.06.19 23:05 B c:\\My Documents\\My Webs\\nwcr\\shpshead\\_vti_cnf\\westcork.gif --> homepages.demon.co.uk /u/demon.co.uk/b/e/a/bearnet/nwcr/shpshead/_vti_cnf westcork.gif
vti_timelastmodified:TR|19 Jun 2000 22:07:50 -0000
vti_extenderversion:SR|4.0.2.2717
102.11.16 21:21 B c:
103.10.12 19:49 B c:
104.06.15 22:41 B c:
vti_author:SR|BEARNETXP\\Peter Baston
vti_modifiedby:SR|BEARNETXP\\Peter Baston
vti_timecreated:TR|15 Jun 2004 21:42:06 -0000
vti_syncwith_homepages.demon.co.uk\:21/docroot/nwcr:TR|15 Jun 2004 21:42:06 -0000
vti_syncofs_homepages.demon.co.uk\:21/docroot/nwcr:TW|02 Sep 2007 19:17:00 -0000
vti_syncwith_www.bearnet.demon.co.uk\:21/docroot/nwcr:TR|15 Jun 2004 21:42:06 -0000
vti_syncofs_www.bearnet.demon.co.uk\:21/docroot/nwcr:TW|08 Sep 2007 18:22:00 -0000
vti_syncwith_homepages.demon.co.uk\:21/%2fdocroot/nwcr:TR|15 Jun 2004 21:42:06 -0000
vti_syncofs_homepages.demon.co.uk\:21/%2fdocroot/nwcr:TW|28 Jul 2009 20:42:00 -0000
vti_syncwith_72.1.216.118\:21:TR|15 Jun 2004 21:42:06 -0000
vti_syncofs_72.1.216.118\:21:TW|21 Feb 2012 13:39:00 -0000
vti_syncofs_72.1.216.118\:21/www:TW|21 Feb 2012 13:55:00 -0000
vti_syncwith_72.1.216.118\:21/www:TR|15 Jun 2004 21:42:06 -0000
vti_syncwith_ftp.nwcr.org.uk\:21/www:TR|15 Jun 2004 21:42:06 -0000
vti_syncofs_ftp.nwcr.org.uk\:21/www:TW|21 Feb 2012 14:36:00 -0000
